<?xml version="1.0" encoding="UTF-8"?>
<!-- Generated by org.testng.reporters.JUnitReportReporter -->
<testsuite skipped="0" hostname="payel-PC" name="qaclickacademy.SeleniumTest" tests="2" failures="0" timestamp="18 Apr 2020 13:42:31 GMT" time="0.010" errors="0">
  <testcase name="BrowserAutomation" time="0.010" classname="qaclickacademy.SeleniumTest"/>
  <testcase name="elementUi" time="0.000" classname="qaclickacademy.SeleniumTest"/>
</testsuite> <!-- qaclickacademy.SeleniumTest -->
